
2017021172307
2017021127759
2017021153296
2017021158876
2017021126336
2017021152272
2017021176375
2017021118136
2017021077479
2017021045881
2017021021889
2017021078771
2017021056826
2017021030192
2017021012172
2017021057010
2017021029852
2017021094169
2017021027678
2017021029802
2017021295652
2017021172307
2017021126336
2017021158876
2017021153296
2017021127759
2017021176375
2017021118136
2017021021889
2017021077479
2017021045881
2017021078771
2017021056826
2017021030192
2017021012172
2017021057010
2017021029852
2017021094169
2017021027678
2017021029802