
2016092666176
2016092673939
2016092636228
2016092640493
2016092638738
2016092690530
2016092627659
2016092512324
2016092550080
2016092564602
2016092544593
2016092539088
2016092540847
2016092502052
2016092508431
2016092575100
2016092517330
2016092434407
2016092517330
2016092434407
2016092517330
2016092645111
2016092698698
2016092698239
2016092620262
2016092644281
2016092630108
2016092682356
2016092658836
2016092661517
2016092641573
2016092611882
2016092605410
2016092609573
2016092699403
2016092659051
2016092680867
2016092603796
2016092677814
2016092688095
2016092645883