
2016053130118
2016060107583
2016053129859
2016060171919
2016060190295
2016053109195
2016053190444
2016053120064
2016053156542
2016053105111
2016053157820
2016053128062
2016053104714
2016053170503
2016053170979
2016053117025
2016053170463
2016053173901
2016053177580
2016053108963
2016053155601
2016053129720
2016053133335
2016053146800
2016053179634
2016060197861
2016060142398
2016060113085
2016060174688
2016060183607
2016060103404
2016060147708
2016060163549
2016060113350
2016060155503
2016060104467
2016060178218
2016060166495
2016060135670
2016060189697
2016060174293
2016060104808
2016060135354
2016060116061
2016060141859
2016060124497
2016060131444
2016060194221
2016060125133
2016060177328
2016060192907
2016060153151