
2017010171131
2017010155171
2017010109846
2017010117140
2017010123321
2017010141217
2016123184694
2016123111791
2016123139388
2016123173681
2016123007768
2016123019655
2016123080415
2016123091652
2016123066008
2016123070097
2016123034244
2016123087862
2016123096620
2016123057045
2016123028952
2016123024799
2016123010376
2016123017286
2016123032059
2016123063413
2016123007163
2016123044125
2016123012168
2016123033588
2016123041609
2016123079877
2016122966020
2016122972673
2016122989683
2017010312007
2017010155171
2017010171131
2017010109846
2017010117140
2017010123321
2017010141217
2016123184694
2016123111791
2016123139388
2016123173681
2016123007768
2016123019655
2016123080415
2016123091652
2016123066008
2016123070097
2016123034244
2016123087862
2016123096620
2016123057045
2016123028952
2016123024799
2016123010376
2016123017286
2016123032059
2016123063413
2016123007163
2016123044125
2016123012168
2016123079877
2016123033588
2016123041609
2016122966020
2016122972673
2016122989683
2017010396956
2017010361686
2017010355910
2017010398397
2017010358724
2017010388958
2017010312518
2017010384852
2017010323380
2017010377272
2017010302276
2017010395462
2017010308669
2017010300184
2017010301511
2017010366393
2017010301520
2017010399825
2017010316293
2017010309795
2017010330038
2017010342675
2017010381634
2017010339079
2017010355477
2017010397385
2017010376393
2017010381218
2017010365399
2017010344365
2017010348303
2017010325803
2017010353947
2017010306410
2017010301520
2017010377954