
2016101279274
2016101288387
2016101203412
2016101102108
2016101198868
2016101129014
2016101173157
2016101104675
2016101064990
2016101073084
2016101044246
2016101032775
2016101032818
2016101028705
2016101081024
2016101079014
2016101006163
2016101017868
2016100962199
2016100929168
2016100977046
2016100936631
2016100993128
2016100925662
2016100919772
2016100911181
2016100991459
2016100977336
2016100954092
2016100906021
2016100996527
2016100931199
2016100953915
2016100903494
2016100994601
2016100992224
2016101248222
2016101249917
2016101265588
2016101202666
2016101210190
2016101218343
2016101273648
2016101275316
2016101203412
2016101279274
2016101288387
2016101102108
2016101198868
2016101129014
2016101173157
2016101104675
2016101044246
2016101064990
2016101073084
2016101032775
2016101028705
2016101032818
2016101081024
2016101006163
2016101079014
2016101017868
2016100929168
2016100962199
2016100936631
2016100977046
2016100919772
2016100993128
2016100925662
2016100911181
2016100991459
2016100977336
2016100906021
2016100954092
2016100996527
2016100931199
2016100903494
2016100994601
2016100992224
2016100953915