
2016080172978
2016080126533
2016080157878
2016080127260
2016080122167
2016080135778
2016080117634
2016080130845
2016080199617
2016080141996
2016080167019
2016080151683
2016080159803
2016080191266
2016080109105
2016080152745
2016080140424
2016080194761
2016080160355
2016080127663
2016080210221
2016080226905
2016080246896
2016080223092
2016080126533
2016080141996
2016080140424
2016080299246
2016080264835
2016080214206
2016080280005
2016080220384
2016080126533
2016080141996
2016080140424
2016080242108