
2016090912471
2016090921574
2016090957612
2016090941163
2016090923575
2016090964652
2016090940660
2016090975259
2016090954049
2016090907514
2016090922408
2016090973782
2016090942383
2016090972651
2016090971649
2016090929987
2016090934502
2016090957498
2016090934762
2016090981208
2016090915896
2016090958837
2016090818857
2016090801962
2016090887697
2016090892566
2016090895388
2016090830749
2016090846326
2016090802308
2016090805911
2016090804870
2016090858276
2016090876332
2016090883095
2016090845998
2016090827116
2016090874889
2016090886269
2016090879375
2016090880579
2016090801125
2016090921574
2016090957612
2016090964652
2016090975259
2016090907514
2016090942383
2016090971649
2016090929987
2016090957498
2016090934502
2016090934762
2016090895388
2016090846326
2016090805911
2016090876332
2016090804870
2016090874889
2016090801125
2016090992017
2016090994426
2016090982644
2016090962955
2016090993565
2016090991440
2016090918410
2016090935718
2016090968838
2016090989561
2016090936367
2016090994284
2016090950717
2016090900254
2016090913118
2016090990729
2016090935676
2016090915223
2016090919273
2016090988546