
2016092054563
2016092018393
2016092020761
2016092087851
2016092022691
2016092071944
2016092081425
2016091907525
2016091915758
2016091913155
2016091995699
2016091977668
2016091977045
2016091914838
2016091920703
2016091976615
2016091960712
2016091942928
2016091974419
2016091959845
2016091985894
2016091920732
2016091958601
2016091947153
2016091929206
2016091943302
2016091950248
2016091975573
2016091975425
2016091933172
2016091949918
2016091924665
2016091956599
2016091983589
2016091904042
2016091973333
2016091932165
2016092048054
2016092022489
2016092095921
2016092014052
2016092080091
2016092005123
2016092058869
2016092021740
2016092045708
2016092020776
2016092055981
2016092003025
2016092054042
2016092025213
2016092049363
2016092085100
2016092068296
2016092052334
2016092053117
2016092064090
2016092054912
2016092095583
2016092054456
2016092024363
2016092088854
2016092044152
2016092065608
2016092038276
2016092092263
2016092045825
2016092005453
2016092049829
2016092087678
2016092009077
2016092028244
2016092093997
2016092052084
2016092088054
2016092012355
2016092042676
2016092065608