
2016081876176
2016081896733
2016081806450
2016081837420
2016081848636
2016081822975
2016081891336
2016081835319
2016081873270
2016081814340
2016081838120
2016081857740
2016081867760
2016081842098
2016081895906
2016081820400
2016081818337
2016081803565
2016081837123
2016081821770
2016081887905
2016081824582
2016081899633
2016081829335
2016081823538
2016081819517
2016081858008
2016081883560
2016081803889
2016081840030
2016081865623
2016081982788
2016080966008
2016081943593
2016080966008
2016081978676
2016081907495
2016081931190
2016081956142
2016081950605
2016081972674
2016081964598
2016081914185
2016081959728
2016081904022
2016081975710
2016081962785
2016081900870
2016081939263
2016081941678
2016081994850
2016081956264
2016081956166
2016081990177
2016081994182
2016081975344
2016081950919
2016081968677
2016081926570
2016081925642
2016081996975
2016081997488
2016081996129
2016081971150
2016081924979
2016081991458
2016081996123
2016081920938
2016081938803
2016081920850
2016081988998
2016081985977
2016081925855
2016081936485
2016081915440
2016081907862
2016081945422
2016081904584
2016081951492
2016081935907
2016081980379
2016081993591
2016081940650
2016081918929
2016081977293
2016081907713
2016081903721
2016081972982
2016081902831
2016081994171
2016081945115
2016081992675
2016081943356
2016081986711
2016081943433
2016081947120
2016081950659
2016081930253
2016081940447
2016081961171
2016081953481
2016081978312
2016081912607
2016081915450
2016081994341
2016081979335
2016081917609
2016080966008
2016081974576
2016081989531
2016081928171
2016081952493
2016081908215
2016081930738
2016081948916
2016081907062
2016081994182
2016081990177
2016081945115
2016081940447
2016081930253
2016080966008
2016081949295
2016081989123
2016081951701
2016081984806
2016081916299
2016081909977
2016081974786
2016080966008