
2016112948485
2016112982051
2016112996627
2016112872145
2016112836981
2016112821708
2016112869547
2016112823814
2016112813396
2016112918277
2016112955175
2016112977407
2016112973771
2016112952771
2016112872145
2016112836981
2016112869547
2016112823814
2016112813396
2016112977684
2016112981454
2016112916715
2016112941909
2016112900194
2016112948192
2016112943598
2016112998021
2016112947291
2016112976593
2016112939173
2016112969476
2016112935225
2016112948372
2016112945204
2016112907349
2016112926439
2016112980340
2016112924206
2016112964366
2016112964227
2016112954348
2016112872145