
2016101079014
2016101006163
2016101017868
2016100962199
2016100929168
2016100977046
2016100936631
2016100919772
2016100925662
2016100993128
2016100991459
2016100977336
2016100911181
2016100954092
2016100906021
2016100931199
2016100996527
2016100994601
2016100903494
2016100992224
2016100953915
2016101032818
2016101028705
2016101081024
2016101006163
2016101079014
2016101017868
2016100962199
2016100929168
2016100936631
2016100977046
2016100919772
2016100925662
2016100993128
2016100991459
2016100911181
2016100977336
2016100906021
2016100954092
2016100931199
2016100996527
2016100992224
2016100903494
2016100953915
2016100994601