
2016111378518
2016111344783
2016111360403
2016111360969
2016111266988
2016111259065
2016111200139
2016111283545
2016111273864
2016111203955
2016111283332
2016111285903
2016111244437
2016111253122
2016111265735
2016111260847
2016111251105
2016111149009
2016111073310
2016111091621
2016111057465
2016111074655
2016111078306
2016111056257
2016111093855
2016111094768
2016111044028
2016111091957
2016111013063
2016111041568
2016111095422
2016111096185
2016111045731
2016111034627
2016111056730
2016111033263
2016111041784
2016111097945
2016111004373
2016111008794
2016111050228
2016111046233
2016111063098
2016111028495
2016111031040
2016111086809
2016111344783
2016111360403
2016111378518
2016111360969
2016111266988
2016111259065
2016111200139
2016111283332
2016111273864
2016111203955
2016111285903
2016111283545
2016111244437
2016111260847
2016111253122
2016111265735
2016111251105
2016111149009
2016111073310
2016111091621
2016111057465
2016111074655
2016111078306
2016111056257
2016111093855
2016111094768
2016111044028
2016111091957
2016111013063
2016111041568
2016111095422
2016111096185
2016111045731
2016111034627
2016111056730
2016111033263
2016111041784
2016111097945
2016111004373
2016111008794
2016111050228
2016111046233
2016111063098
2016111028495
2016111031040
2016111086809