
2016091035137
2016090921150
2016090993990
2016090966599
2016090938532
2016090988231
2016090991131
2016090930058
2016090974684
2016090931826
2016090939819
2016090936959
2016090903642
2016090914688
2016090992534
2016090918743
2016090960869
2016090983314
2016090920627
2016090961783
2016090903351
2016090915594
2016090909849
2016090923693
2016090907685
2016090909164
2016090902927
2016090977057
2016090994770
2016090925300
2016090905385
2016090939751
2016090902609
2016090975084
2016090974032
2016090914257
2016090990686
2016090935424
2016090909110
2016091046123
2016091068134
2016091092733
2016091088486
2016091051291
2016091088906
2016091051174
2016091031605
2016091077443
2016091048758
2016091072460
2016091069632
2016091090425
2016091086713
2016091003283
2016091003254
2016091038029
2016091073092
2016091012891
2016091048471