
2016091895314
2016091816937
2016091895972
2016091771406
2016091723851
2016091773439
2016091790323
2016091790612
2016091764347
2016091778113
2016091774326
2016091799011
2016091717904
2016091790497
2016091770141
2016091749130
2016091748163
2016091736537
2016091730253
2016091728015
2016091722543
2016091708983
2016091718478
2016091707349
2016091725104
2016091741675
2016091761629
2016091721718
2016091764217
2016091750198
2016091776939
2016091774152
2016091786172
2016091757351
2016091784337
2016091700745
2016091700924
2016091724993
2016091714961
2016091733498
2016091720705
2016091793257
2016091899815
2016091886827
2016091761629
2016091851312
2016091893029
2016091821760
2016091885185
2016091856943
2016091812582
2016091818124
2016091822090
2016091858229
2016091817584
2016091874645
2016091849326
2016091832973
2016091866776
2016091854503
2016091824735
2016091807082
2016091878229
2016091816022
2016091874751
2016091894575
2016091897965
2016091879262
2016091890177
2016091851461
2016091890651
2016091838524
2016091873971