
2016120233931
2016120215166
2016120221764
2016120261650
2016120229220
2016120206379
2016120201017
2016120285693
2016120201707
2016120201394
2016120224165
2016120209007
2016120210239
2016120287261
2016120270573
2016120295776
2016120207734
2016120246453
2016120204761
2016120229254
2016120292373
2016120228482
2016120288799
2016120263401
2016120221799
2016120264923
2016120288485
2016120294575
2016120261591
2016120285453
2016120213794
2016120275171
2016120295745
2016120254934
2016120232350
2016120254719
2016120210636
2016120269310
2016120211935
2016120292475
2016120272651
2016120281963
2016120200347
2016120233533