
2016101718417
2016101765154
2016101797844
2016110408545
2016110438633
2016110457430
2016110355076
2016110395207
2016110330678
2016102566087
2016102514898
2016102426727
2016102494362
2016102283678
2016102093123
2016102015803
2016102074970
2016102075577
2016102011887
2016102099554
2016101494800
2016101421643
2016100737931
2016100713990
2016100785135
2016100737931
2016110192770
2016100713990
2016110652579
2016110603589
2016110641089
2016110677427
2016110548977
2016110542821
2016110512569
2016110547711
2016110565806
2016110561741
2016110583845
2016110544434
2016110511970
2016110533783
2016110576765
2016110455838
2016110455173
2016110428634
2016110603589
2016110652579
2016110455838
2016110330678
2016110455838
2016110330678
2016110652579
2016110652579
2016110652579
2016110652579