
2016082210232
2016082287398
2016082222954
2016082277051
2016082274778
2016082203933
2016082295461
2016082285334
2016082125941
2016082138744
2016082139502
2016082136016
2016082121546
2016082154520
2016082188952
2016082164270
2016082174496
2016082115612
2016082132281
2016082188741
2016082166427
2016082116574
2016082149139
2016082137977
2016082199553
2016082108491
2016082174966
2016082103204
2016082198435
2016082111926
2016082148097
2016082166017
2016082171182
2016082198098
2016082107397
2016082118919
2016082182503
2016082135981
2016082174225
2016082173113
2016082122843
2016082198539
2016082113325
2016082139573
2016082195054
2016082175517
2016082190085
2016082168210
2016082133652
2016082115484
2016082112722
2016082182539
2016082149387
2016082179945
2016082177428
2016082119683
2016082174133
2016082188585
2016082123650
2016082100357
2016082129303
2016082173456
2016082195508
2016082166911
2016082187914
2016082123971
2016082109862
2016082157510
2016082148798
2016082143268
2016082113898
2016082189298
2016082155439
2016082174139
2016082186447
2016082156664
2016082142943
2016082191907
2016082106495
2016082168120
2016082164605
2016082190623
2016082175870
2016082108991
2016082113919
2016082119009
2016082152866
2016082187370
2016082195571
2016082190960
2016082178261
2016082132071
2016082143112
2016082097128
2016082003785
2016082029399
2016082051040
2016082099116
2016082044191
2016082011973
2016082069105
2016082086785
2016082089930
2016082050671
2016082020698
2016082052631
2016082007677
2016082091002
2016082040569
2016082047512
2016082076189
2016082078998
2016082020491
2016082096716
2016082274778
2016082277051
2016082285334
2016082295461
2016082139502
2016082136016
2016082188952
2016082154520
2016082132281
2016082115612
2016082149139
2016082137977
2016082108491
2016082171182
2016082166017
2016082148097
2016082118919
2016082135981
2016082107397
2016082122843
2016082173113
2016082175517
2016082168210
2016082133652
2016082115484
2016082112722
2016082179945
2016082149387
2016082182539
2016082174133
2016082119683
2016082177428
2016082188585
2016082123650
2016082173456
2016082129303
2016082100357
2016082195508
2016082166911
2016082187914
2016082123971
2016082109862
2016082148798
2016082157510
2016082113898
2016082143268
2016082174139
2016082155439
2016082189298
2016082186447
2016082156664
2016082191907
2016082142943
2016082168120
2016082106495
2016082164605
2016082190623
2016082175870
2016082108991
2016082187370
2016082152866
2016082119009
2016082113919
2016082190960
2016082195571
2016082178261
2016082132071
2016082143112
2016082029399
2016082003785
2016082097128
2016082099116
2016082051040
2016082044191
2016082069105
2016082011973
2016082086785
2016082020698
2016082050671
2016082089930
2016082052631
2016082091002
2016082007677
2016082047512
2016082040569
2016082076189
2016082096716
2016082136016
2016082139502
2016082188952
2016082154520
2016082132281
2016082115612
2016082149139
2016082137977
2016082108491
2016082171182
2016082166017
2016082148097
2016082135981
2016082118919
2016082107397
2016082122843
2016082173113
2016082112722
2016082115484
2016082133652
2016082168210
2016082175517
2016082188585
2016082123650
2016082106495
2016082108991
2016082011973
2016082076189
2016082096716
2016082188585
2016082123650
2016082011973
2016082076189
2016082096716
2016082188585
2016082123650
2016082011973
2016082076189
2016082096716
2016082215813
2016082205298
2016082274526
2016082266798
2016082247750
2016082253744
2016082268488
2016082239346
2016082284348
2016082255418
2016082264173
2016082244778
2016082233635
2016082251280
2016082254574
2016082276719
2016082222484
2016082220807
2016082282549
2016082290682
2016082269397
2016082203934
2016082240376
2016082279803
2016082260275
2016082230774
2016082236735
2016082277705
2016082272087
2016082292343
2016082212912
2016082263467
2016082249872
2016082270204
2016082298307
2016082238694
2016082283303
2016082260118
2016082265319
2016082238382
2016082254165
2016082213659
2016082242332
2016082096716
2016082231055
2016082289748
2016082274526
2016082203934
2016082260118
2016082096716