
2016040237324
2016040186793
2016040183295
2016040174932
2016040142188
2016040150257
2016040125065
2016040128387
2016040174237
2016040110706
2016040169847
2016040179203
2016040121885
2016040149533
2016040129400
2016040191402
2016040121702
2016040196330
2016040159136
2016040132074
2016040145528
2016040110400
2016040124216
2016040112029
2016040155183
2016040194259
2016040199492
2016040109356
2016040166664
2016040158070
2016040122533
2016040157277
2016040112152
2016040138717
2016040185577
2016040171707
2016040180805
2016040134149
2016040137185
2016040100973
2016040176257
2016040150065
2016040121754
2016040112996
2016040186181