
2016071380833
2016071398585
2016071336213
2016071315798
2016071371939
2016071345163
2016071336555
2016071396312
2016071263680
2016071206436
2016071212239
2016071212926
2016071288976
2016071205522
2016071296161
2016071222552
2016071231502
2016071296265
2016071210732
2016071234038
2016071234464
2016071222142
2016071380981
2016071372124
2016071382657
2016071319309
2016071337725
2016071344709
2016071325035
2016071313496
2016071300976
2016071332097
2016071360152
2016071318146
2016071234464
2016071222142