
2016091320633
2016091352658
2016091366186
2016091328202
2016091385682
2016091305857
2016091351475
2016091342310
2016091359287
2016091266201
2016091284738
2016091286611
2016091299343
2016091296887
2016091279213
2016091230675
2016091233443
2016091278940
2016091268410
2016091204436
2016091251484
2016091273690
2016091248747
2016091207946
2016091295362
2016091203341
2016091296737
2016091277997
2016091201596
2016091234483
2016091252926
2016091248652
2016091253178
2016091292983
2016091214181
2016091274762
2016091209506
2016091202232
2016091258674
2016091293964
2016091225671
2016091236737
2016091297259
2016091236103
2016091280246
2016091203183
2016091259907
2016091256581
2016091255102
2016091225881
2016091269644
2016091278338
2016091201596
2016091386685
2016091323030
2016091399224
2016091391762
2016091328552
2016091311834
2016091358620
2016091383930
2016091310640
2016091317825
2016091376845
2016091356316
2016091375620
2016091367851
2016091322619
2016091322680
2016091399556
2016091315842
2016091390268
2016091307565
2016091321022
2016091373442
2016091350628
2016091386559
2016091368217
2016091392741
2016091371863
2016091350614
2016091302609
2016091300964
2016091381344
2016091381224
2016091396486
2016091355850
2016091321570
2016091328743