
2016090319050
2016090307842
2016090350860
2016090345655
2016090353892
2016090314727
2016090326967
2016090356285
2016090350015
2016090317757
2016090309874
2016090368774
2016090310119
2016090379547
2016090234660
2016090270858
2016090251447
2016090246263
2016090230738
2016090293927
2016090201360
2016090279594
2016090233615
2016090277684
2016090251476
2016090219098
2016090297368
2016090229182
2016090211757
2016090248832
2016090201638
2016090208089
2016090264852
2016090272324
2016090290812
2016090200584
2016090335998
2016090317540
2016090329248
2016090355929
2016090361274
2016090391093
2016090316966
2016090370317
2016090388845
2016090338769
2016090362273
2016090382193
2016090359508
2016090370384
2016090390139
2016090390325
2016090317200
2016090307330
2016090396011
2016090379784
2016090362977
2016090379837
2016090327821
2016090309219
2016090313017
2016090365561
2016090364758
2016090372683
2016090338338
2016090317119
2016090347387
2016090387117
2016090388687
2016090395362
2016090361812
2016090357923
2016090357774
2016090315752