
2016090661981
2016090606737
2016090679978
2016090637663
2016090692191
2016090655205
2016090698367
2016090685810
2016090614858
2016090640448
2016090613865
2016090699254
2016090608123
2016090644134
2016090687483
2016090656256
2016090663269
2016090691446
2016090623271
2016090626738
2016090654331
2016090661219
2016090658230
2016090694036
2016090621600
2016090628206
2016090606938
2016090636025
2016090609678
2016090694002
2016090633070
2016090602244
2016090612512
2016090698623
2016090642209
2016090696855
2016090606661
2016090684579
2016090686721
2016090625422
2016090651340
2016090680570
2016090610664
2016090695469
2016090618060
2016090675853
2016090684826
2016090577244
2016090501352
2016090770444
2016090798845
2016090760323
2016090700371
2016090792641
2016090712606
2016090756170
2016090756116
2016090729571
2016090789282
2016090787886
2016090753864
2016090779289
2016090725770
2016090753690
2016090767540
2016090733439
2016090709718
2016090709103
2016090790284
2016090708493
2016090791806
2016090744356
2016090718319
2016090753194
2016090735589
2016090796116
2016090723122
2016090702670
2016090778507
2016090577244
2016090501352
2016090745951
2016090715448
2016090729571
2016090789282
2016090756170
2016090577244
2016090501352