
2016090129859
2016090136427
2016090107258
2016090172332
2016090194212
2016090154432
2016090116142
2016090180320
2016090182486
2016090111785
2016090150533
2016090140563
2016090151582
2016090159878
2016090121271
2016090174716
2016090198249
2016090189781
2016090167057
2016090123896
2016090109154
2016090150364
2016083143357
2016083145702
2016083160287
2016083107638
2016083172680
2016083119006
2016083108735
2016083148818
2016083157732
2016083141639
2016083180717
2016083124170
2016083103021
2016083106006
2016083107271
2016083172363
2016083185540
2016083155493
2016083161417
2016083130337
2016083198527
2016083195467
2016083154002
2016083177049
2016083190564
2016083160455
2016083174046
2016083146199
2016083174491
2016083134398
2016083143158
2016083159739
2016083153853
2016083120661
2016083112750
2016083143731
2016083167765
2016083149704
2016083173186
2016083139616
2016083108317
2016083166646
2016083111632
2016083127099
2016083143248
2016083183308
2016083168969
2016083124687
2016083120670
2016083153467
2016083134419
2016083121082
2016083125969
2016083170287
2016083112121
2016083111620
2016083167877
2016083198012
2016083173435
2016083178767
2016083105733
2016083118771
2016083168133
2016083198601
2016083182854
2016083173674
2016083102254
2016083137999
2016083156061
2016083128516
2016083101167
2016083160400
2016083114279
2016083195308
2016083172885
2016090103972
2016090123896
2016090199524
2016090134322
2016090142797
2016090163117
2016090174225
2016090169223
2016090185364
2016090195208
2016090140451
2016090173856
2016090169130
2016090128480
2016090103006
2016090148221
2016090153287
2016090137630
2016090166963
2016090117966
2016090142005
2016090190013
2016090145558
2016090170421
2016090136108
2016090161126
2016090165399
2016090137239
2016090110470
2016090160967
2016090163616
2016090129202
2016090170310
2016090164012
2016090135004
2016090164967
2016090146432
2016090187518
2016090185462
2016090155472
2016090132707
2016090146139
2016090175360
2016090138023
2016090175042
2016090179308
2016090164244
2016090182075
2016090108971
2016090119278
2016090144853
2016090123809