
2016082789631
2016082731628
2016082753360
2016082770190
2016082754157
2016082727050
2016082724931
2016082739823
2016082733957
2016082795630
2016082742619
2016082783266
2016082769640
2016082779572
2016082706027
2016082715645
2016082747621
2016082744380
2016082743066
2016082721454
2016082705811
2016082758912
2016082790401
2016082702199
2016082740189
2016082731982
2016082764956
2016082781510
2016082763601
2016082745824
2016082762473
2016082768390
2016082753576
2016082777326
2016082718024
2016082785727
2016082719191
2016082606366
2016082704033
2016082782498
2016082772609
2016082732788
2016082725928
2016082649671
2016082606095
2016082628644
2016082690616
2016082636642
2016082607054
2016082664620
2016082650776
2016082622065
2016082660060
2016082649101
2016082663911
2016082615164
2016082697280
2016082621770
2016082652122
2016082643620
2016082637219
2016082628534
2016082664887
2016082614123
2016082602594
2016082622204
2016082625660
2016082636397
2016082607759
2016082659610
2016082661052
2016082648949
2016082650597
2016082689386
2016082619285
2016082687232
2016082611183
2016082647414
2016082690938
2016082686490
2016082699057
2016082608600
2016082691987
2016082670261
2016082649840
2016082635808
2016082643655
2016082668610
2016082633015
2016082605907
2016082787744
2016082768912
2016082735512
2016082720308
2016082780611
2016082701192
2016082758458
2016082798587
2016082767049
2016082799232
2016082762187
2016082709803
2016082783651
2016082700273
2016082792226
2016082702463
2016082756892
2016082753360
2016082731628
2016082789631
2016082764449
2016082745292
2016082760339
2016082723105
2016082702944
2016082762971
2016082718231
2016082717989
2016082730389
2016082782331
2016082763423
2016082730669
2016082792687
2016082754374
2016082792607
2016082770302
2016082774803
2016082732960
2016082765081
2016082708076
2016082746413
2016082747372
2016082790119
2016082751568