
2016091984860
2016091996209
2016091993839
2016091952216
2016091961549
2016091848491
2016091845526
2016091876653
2016091802214
2016091878481
2016091892311
2016091831723
2016091825722
2016091859309
2016091873299
2016091853539
2016091887041
2016091886567
2016091808860
2016091828844
2016091874074
2016091857970
2016091813426
2016091844631
2016091811519
2016091838043
2016091803553
2016091802276
2016091828399
2016091865329
2016091872856
2016091834092
2016091869801
2016091832376
2016091850912
2016091866273
2016091818312
2016091827569
2016091807906
2016091835463
2016091860053
2016091837033
2016091814739
2016091862463
2016091962020
2016091934844
2016091969979
2016091910791
2016091987676
2016091959729
2016091951638
2016091930745
2016091903931
2016091995201
2016091906059