
2016082901688
2016082918929
2016082914701
2016082986058
2016082939392
2016082957300
2016082908001
2016082956609
2016082961184
2016082909231
2016082998606
2016082938153
2016082963456
2016082926559
2016082960566
2016082993385
2016082932512
2016082953843
2016082925587
2016082965676
2016082952635
2016082981770
2016082984428
2016082958115
2016082871675
2016082837340
2016082869969
2016082897583
2016082808804
2016082834768
2016082880971
2016082825579
2016082863646
2016082811716
2016082872428
2016082869570
2016082891011
2016082883817
2016082827891
2016082825429
2016082803895
2016082842465
2016082861641
2016082880712
2016082862795
2016082849533
2016082808341
2016082897461
2016082814034
2016082830090
2016082879567
2016082870746
2016082820090
2016082881478
2016082840122
2016082895425
2016082880991
2016082861811
2016082890102
2016082832788
2016082849595
2016082871550
2016082868242
2016082863725
2016082812251
2016082872446
2016082803602
2016082882849
2016082893407
2016082858053
2016082845308
2016082898704
2016082825471
2016082889211
2016082898003
2016082808607
2016082771960
2016082907226
2016082996361
2016082925587
2016082925587
2016082925587
2016082955680
2016082911425
2016082933075
2016082934023
2016082916993
2016082995747
2016082990184
2016082944767
2016082918523
2016082968958
2016082991574
2016082964616
2016082970989
2016082963706
2016082963376
2016082980400
2016082904144
2016082933230
2016082972726
2016082930856
2016082921924
2016082927651
2016082976192
2016082906014
2016082975573
2016082986615
2016082900779
2016082993346
2016082968739
2016082996690
2016082965637
2016082986966
2016082996543
2016082984915
2016082954918
2016082992568