
2016121896243
2016121870125
2016121880686
2016121817436
2016121876121
2016121768657
2016121681690
2016121644346
2016121607441
2016121603533
2016121611997
2016121642212
2016121610161
2016121668911
2016121623863
2016121663586
2016121870125
2016121896243
2016121880686
2016121817436
2016121876121
2016121768657
2016121607441
2016121603533
2016121611997
2016121642212
2016121610161
2016121668911
2016121623863
2016121663586
2016121681690
2016121644346
2016121880686
2016121568663
2016121433926
2016121644346