
2016052807533
2016053095703
2016052877003
2016053097078
2016052940349
2016053046107
2016052938662
2016053078518
2016053097112
2016053018618
2016052965811
2016053023966
2016052966080
2016053083044
2016052919366
2016053038882
2016053092527
2016053080805
2016052966853
2016052977091
2016052941084
2016052966362
2016052933332
2016052963846
2016052928149
2016052956625
2016052986263
2016052903328
2016052968556
2016052990316
2016052923875
2016052936558
2016052930782
2016052986618
2016052916733
2016052968108
2016052951866
2016052948698
2016052973826
2016052928061
2016052943532
2016052928659
2016052979148
2016052956572
2016052965010
2016052944641
2016052985642
2016052947199
2016052844076
2016052865892
2016052813003
2016053098803
2016052813003
2016053011090
2016053021915
2016053037877
2016053025515
2016053048599
2016053079942
2016053040332
2016053039840
2016053040256
2016053016462
2016053019822
2016053086229
2016053087476
2016053070450
2016053003634
2016053074535
2016053020539
2016053087809
2016053060575
2016053018850
2016053095078
2016053086604
2016053097658
2016053067004
2016053016208
2016053081246
2016053047823
2016053016774
2016053025348
2016053028702
2016053094609
2016053081680
2016053060863
2016053026461
2016053000407
2016053050184