
2016082891912
2016082820916
2016082889611
2016082830075
2016082817140
2016082839122
2016082873426
2016082879160
2016082797874
2016082724973
2016082755493
2016082703968
2016082706386
2016082786523
2016082712206
2016082706051
2016082783379
2016082795326
2016082785145
2016082710019
2016082771960
2016082768297
2016082787800
2016082790573
2016082702895
2016082720814
2016082784219
2016082706076
2016082796708
2016082789698
2016082751917
2016082753189
2016082713738
2016082785794
2016082723646
2016082778790
2016082764007
2016082769841
2016082766339
2016082784479
2016082716710
2016082737089
2016082754129
2016082707107
2016082743768
2016082788215
2016082792839
2016082731781
2016082736568
2016082720595
2016082792327
2016082757699
2016082761862
2016082746965
2016082880644
2016082831335
2016082892764
2016082819030
2016082878760
2016082895716
2016082811277
2016082888876
2016082857472
2016082864441
2016082859026
2016082807264
2016082831957
2016082841337
2016082826733
2016082822124
2016082897509
2016082858897
2016082846106
2016082815541
2016082825295
2016082803949
2016082825089
2016082833052
2016082819684
2016082807357
2016082880040
2016082891464
2016082870989
2016082893134
2016082885324
2016082810048
2016082671584
2016082810398
2016082849990
2016082839705
2016082826683
2016082886601
2016082844839
2016082888109
2016082810523
2016082818151
2016082838772
2016082845373
2016082879206
2016082771960