
2016110479229
2016110442579
2016110495380
2016110452397
2016110411436
2016110384701
2016110355076
2016110358992
2016110312260
2016110378108
2016110321938
2016110399374
2016110395207
2016110330678
2016110343344
2016110351980
2016110357645
2016110309055
2016110375347
2016110313917
2016110370146
2016110205173
2016110233120
2016110256197
2016110217214
2016110264114
2016110213331
2016110276270
2016110252765
2016110262277
2016110217746
2016110271323
2016110256232
2016110126319
2016110144479
2016110105097
2016110185497
2016110133940
2016110126288
2016110136317
2016110165975
2016110172253
2016110168735
2016110116269
2016110195907
2016110133310
2016110192764
2016110147213
2016110109895
2016110192770
2016110146877
2016110163422
2016110163603
2016110172230
2016110143839
2016110115935
2016110145379
2016110108926
2016103127267
2016103102403
2016103104710
2016103100160
2016103156353
2016103033252
2016103039665
2016103003983
2016103013394
2016103092115
2016103046316
2016103075946
2016103032305
2016103033568
2016102990412
2016102976018
2016102752567
2016102720770
2016102729696
2016102755609
2016102756023
2016102716976
2016102712336
2016102718452
2016102656482
2016102676878
2016102657070
2016102650047
2016102624621
2016102668739
2016102664616
2016102687100
2016102674659
2016102612291
2016102657504
2016102566087
2016102514898
2016102594049
2016102526000
2016102473998
2016102407278
2016102450683
2016102412342
2016102473227
2016102448550
2016102464696
2016102440457
2016102426727
2016102494362
2016102458427
2016102433811
2016102417090
2016102397563
2016102393158
2016102310210
2016102331762
2016102376756
2016102358663
2016102315479
2016102328091
2016102279866
2016102279515
2016102283678
2016102201135
2016102245678
2016102229797
2016102268510
2016102251275
2016102273873
2016102297835
2016102220129
2016102200516
2016102207490
2016102296267
2016102297641
2016102239838
2016102209720
2016102274360
2016102260043
2016102296947
2016102259864
2016102271272
2016102220714
2016102289224
2016102173390
2016102145150
2016102166508
2016102181204
2016102123792
2016102154656
2016102143434
2016102133327
2016102152666
2016102170905
2016102144220
2016102107673
2016102107255
2016102151692
2016102117108
2016102191448
2016102181859
2016102198555
2016102134490
2016102152080
2016102159191
2016102098605
2016102093123
2016102015803
2016102049131
2016102074970
2016102057377
2016102021184
2016102011887
2016102099554
2016102019112
2016102075577
2016102083164
2016102014084
2016102000618
2016102012311
2016101976332
2016102065134
2016102001635
2016102087282
2016101941781
2016101914990
2016101930378
2016101959694
2016101994346
2016101804798
2016101853028
2016101881584
2016101887860
2016101858683
2016101810921
2016101802339
2016101844925
2016101843877
2016101838563
2016101874185
2016101735815
2016101766258
2016101765154
2016101700383
2016101735395
2016101744865
2016101755081
2016101750594
2016101775843
2016101761261
2016101740357
2016101718417
2016101707668
2016101767846
2016101792570
2016101712063
2016101730790
2016101772227
2016101724835
2016101747903
2016101752514
2016101740853
2016101797844
2016101768959
2016101707857
2016101767710
2016101793175
2016101643387
2016101626847
2016101690098
2016101649210
2016101681733
2016101667762
2016101661007
2016101650873
2016101548162
2016101571861
2016101516976
2016101590460
2016101548841
2016101548070
2016101540694
2016101538305
2016101540807
2016101584147
2016101438521
2016101497581
2016101494800
2016101421643
2016101452545
2016101435922
2016101414120
2016101457331
2016101456831
2016101493104
2016101499195
2016101337685
2016101387176
2016101353841
2016101371189
2016101316509
2016101377006
2016101285852
2016101248071
2016101245750
2016101294346
2016101248222
2016101249917
2016101265588
2016101202666
2016101210190
2016101218343
2016101275316
2016101273648
2016101279274
2016101288387
2016101203412
2016101102108
2016101198868
2016101173157
2016101104675
2016101032818
2016101028705
2016101081024
2016101006163
2016101079014
2016100929168
2016100962199
2016100919772
2016100993128
2016100925662
2016100977336
2016100991459
2016100911181
2016100954092
2016100906021
2016100931199
2016100996527
2016100953915
2016100992224
2016100994601
2016100903494
2016100713990
2016110479229
2016110442579
2016110495380
2016110452397
2016110411436
2016110384701
2016110355076
2016110358992
2016110312260
2016110378108
2016110321938
2016110399374
2016110395207
2016110330678
2016110343344
2016110351980
2016110357645
2016110309055
2016110375347
2016110313917
2016110370146
2016110205173
2016110233120
2016110256197
2016110217214
2016110264114
2016110213331
2016110276270
2016110252765
2016110262277
2016110217746
2016110271323
2016110256232
2016110126319
2016110144479
2016110105097
2016110185497
2016110133940
2016110126288
2016110136317
2016110165975
2016110172253
2016110168735
2016110116269
2016110195907
2016110133310
2016110192764
2016110147213
2016110109895
2016110192770
2016110146877
2016110163422
2016110163603
2016110172230
2016110143839
2016110115935
2016110145379
2016110108926
2016103127267
2016103102403
2016103104710
2016103100160
2016103156353
2016103033252
2016103039665
2016103003983
2016103013394
2016103092115
2016103046316
2016103075946
2016103032305
2016103033568
2016102990412
2016102976018
2016102752567
2016102720770
2016102729696
2016102755609
2016102756023
2016102716976
2016102712336
2016102718452
2016102656482
2016102676878
2016102657070
2016102650047
2016102624621
2016102668739
2016102664616
2016102687100
2016102674659
2016102612291
2016102657504
2016102566087
2016102514898
2016102594049
2016102526000
2016102473998
2016102407278
2016102450683
2016102412342
2016102473227
2016102448550
2016102464696
2016102440457
2016102426727
2016102494362
2016102458427
2016102433811
2016102417090
2016102397563
2016102393158
2016102310210
2016102331762
2016102376756
2016102358663
2016102315479
2016102328091
2016102279866
2016102279515
2016102283678
2016102201135
2016102245678
2016102229797
2016102268510
2016102251275
2016102273873
2016102297835
2016102220129
2016102200516
2016102207490
2016102296267
2016102297641
2016102239838
2016102209720
2016102274360
2016102260043
2016102296947
2016102259864
2016102271272
2016102220714
2016102289224
2016102173390
2016102145150
2016102166508
2016102181204
2016102123792
2016102154656
2016102143434
2016102133327
2016102152666
2016102170905
2016102144220
2016102107673
2016102107255
2016102151692
2016102117108
2016102191448
2016102181859
2016102198555
2016102134490
2016102152080
2016102159191
2016102098605
2016102093123
2016102015803
2016102049131
2016102074970
2016102057377
2016102021184
2016102011887
2016102099554
2016102019112
2016102075577
2016102083164
2016102014084
2016102000618
2016102012311
2016101976332
2016102065134
2016102001635
2016102087282
2016101941781
2016101914990
2016101930378
2016101959694
2016101994346
2016101804798
2016101853028
2016101881584
2016101887860
2016101858683
2016101810921
2016101802339
2016101844925
2016101843877
2016101838563
2016101874185
2016101735815
2016101766258
2016101765154
2016101700383
2016101735395
2016101744865
2016101755081
2016101750594
2016101775843
2016101761261
2016101740357
2016101718417
2016101707668
2016101767846
2016101792570
2016101712063
2016101730790
2016101772227
2016101724835
2016101747903
2016101752514
2016101740853
2016101797844
2016101768959
2016101707857
2016101767710
2016101793175
2016101643387
2016101626847
2016101690098
2016101649210
2016101681733
2016101667762
2016101661007
2016101650873
2016101548162
2016101571861
2016101516976
2016101590460
2016101548841
2016101548070
2016101540694
2016101538305
2016101540807
2016101584147
2016101438521
2016101497581
2016101494800
2016101421643
2016101452545
2016101435922
2016101414120
2016101457331
2016101456831
2016101493104
2016101499195
2016101337685
2016101387176
2016101353841
2016101371189
2016101316509
2016101377006
2016101285852
2016101248071
2016101245750
2016101294346
2016101248222
2016101249917
2016101265588
2016101202666
2016101210190
2016101218343
2016101275316
2016101273648
2016101279274
2016101288387
2016101203412
2016101102108
2016101198868
2016101173157
2016101104675
2016101032818
2016101028705
2016101081024
2016101006163
2016101079014
2016100929168
2016100962199
2016100919772
2016100993128
2016100925662
2016100977336
2016100991459
2016100911181
2016100954092
2016100906021
2016100931199
2016100996527
2016100953915
2016100992224
2016100994601
2016100903494
2016100713990
2016110457430
2016110495380
2016110384701
2016110330678
2016110264114
2016110105097
2016110165975
2016110192770
2016110145379
2016103104710
2016103092115
2016102976018
2016102729696
2016102676878
2016102624621
2016102473998
2016102464696
2016102433811
2016102358663
2016102279515
2016102260043
2016102271272
2016102145150
2016102123792
2016102049131
2016102019112
2016101843877
2016101765154
2016101718417
2016101797844
2016101681733
2016101661007
2016101548070
2016101540807
2016101456831
2016101371189
2016100919772
2016110438633
2016110408545
2016110438026
2016110495380
2016110384701
2016110330678
2016110264114
2016110105097
2016110165975
2016110192770
2016110145379
2016103104710
2016103092115
2016102976018
2016102729696
2016102676878
2016102624621
2016102473998
2016102464696
2016102433811
2016102358663
2016102279515
2016102260043
2016102271272
2016102145150
2016102123792
2016102049131
2016102019112
2016101843877
2016101765154
2016101718417
2016101797844