
2016090868809
2016090866586
2016090864880
2016090823805
2016090858779
2016090838021
2016090752943
2016090775928
2016090731578
2016090736177
2016090796291
2016090737980
2016090719149
2016090731453
2016090770758
2016090766924
2016090704896
2016090748209
2016090780684
2016090734221
2016090729783
2016090746148
2016090758452
2016090775798
2016090739120
2016090746393
2016090760265
2016090705200
2016090783166
2016090718238
2016090724061
2016090709518
2016090724293
2016090797996
2016090746822
2016090740533
2016090731155
2016090727576
2016090786065
2016090700424
2016090741224
2016090701030
2016090794169
2016090701586
2016090785645
2016090737162
2016090765906
2016090726377
2016090774840
2016090719041
2016090756425
2016090773073
2016090761178
2016090700229
2016090790461
2016090765743
2016090746016
2016090738893
2016090742987
2016090703014
2016090577244
2016090501352
2016090865503
2016090857037
2016090855334
2016090766924
2016090879438
2016090801666
2016090827592
2016090865221
2016090884962
2016090897084
2016090832222
2016090878904
2016090843293
2016090873470
2016090870255
2016090882361
2016090880454
2016090871098
2016090861433
2016090881630
2016090868331
2016090807684
2016090897043
2016090898055
2016090842487
2016090868765
2016090820510
2016090862562
2016090818832
2016090830826
2016090856886
2016090844442
2016090869036
2016090880521
2016090810888
2016090809938
2016090851392
2016090887834
2016090851322
2016090871434