
2016121020855
2016121000465
2016121004432
2016121028083
2016121021265
2016121069399
2016121025768
2016121015147
2016121052252
2016121080898
2016121026835
2016121093761
2016121087274
2016121074954
2016121081103
2016121021494
2016121081517
2016121097729
2016121029666
2016121085522
2016121065861
2016121095081
2016121065748
2016121094629
2016121059703
2016121080854
2016121089451
2016121056481
2016121014061
2016121070811
2016121009059
2016121010749
2016121081606
2016121005762
2016120989375
2016120913499
2016121000465
2016121004432
2016121028083
2016121021265
2016121069399
2016121025768
2016121015147
2016121052252
2016121080898
2016121026835
2016121093761
2016121087274
2016121081103
2016121021494
2016121081517
2016121097729
2016121029666
2016121085522
2016121065861
2016121095081
2016121094629
2016121080854
2016121089451
2016121056481
2016121014061
2016121070811
2016121009059
2016121010749
2016121081606
2016121005762
2016121066793
2016121025582
2016121058670
2016121042828
2016121027861
2016121045360
2016121053234
2016121066287
2016121054578
2016121062375
2016121011070
2016121045115
2016121001221
2016121018454
2016121094999
2016121014532
2016121000465
2016121004432
2016121028083
2016121021265
2016121069399
2016121025768
2016121015147
2016121052252
2016121080898
2016121026835
2016121093761
2016121087274
2016121081103
2016121021494
2016121081517
2016121097729
2016121029666
2016121085522
2016121065861
2016121095081
2016121094629
2016121080854
2016121089451
2016121056481
2016121014061
2016121070811
2016121009059
2016121010749
2016121081606
2016121005762