
2016092753457
2016092769825
2016092702122
2016092751586
2016092725023
2016092754255
2016092723443
2016092763592
2016092636072
2016092626778
2016092616731
2016092611513
2016092669037
2016092627867
2016092687365
2016092620951
2016092666790
2016092620557
2016092674128
2016092635635
2016092633429
2016092699344
2016092618600
2016092647808
2016092601292
2016092606717
2016092675485
2016092601723
2016092641227
2016092658518
2016092681389
2016092715311
2016092704028
2016092760577
2016092641227
2016092601723
2016092675485
2016092723403
2016092734884
2016092700305
2016092706282
2016092772499
2016092752560
2016092737598
2016092720767
2016092767445
2016092766654
2016092798429
2016092768748
2016092771526
2016092712745
2016092732212
2016092791030
2016092757134
2016092760059
2016092705769
2016092772414
2016092746364
2016092727804